Exporter version: 5.4.2, Blender version: 2.79 (sub 0)
========= Conversion from Blender to Babylon.js =========
	Scene settings used:
		selected layers only:  false
		flat shading entire scene:  false
		inline textures:  false
		texture directory:  C:\Users\tlaukkan\Development\projects2\babylonjs-kotlin\assets\models\temple\
	Python World class constructor completed
	processing begun of mesh:  Pillar.007
		processing begun of Standard material:  Marble Engraved Foliage.042
			Diffuse texture found "Texture"
				Image texture found, type:  diffuseTexture, mapped using: "LightMap"
			Bump texture found "Bump"
				Image texture found, type:  bumpTexture, mapped using: "UVMap"
		num positions      :  3712
		num normals        :  3712
		num uvs            :  7424
		num uvs2           :  7424
		num colors         :  0
		num indices        :  5340
	processing begun of mesh:  Pillar.006
		registered as also a user of material:  Marble Engraved Foliage.042
		num positions      :  3712
		num normals        :  3712
		num uvs            :  7424
		num uvs2           :  7424
		num colors         :  0
		num indices        :  5340
	processing begun of mesh:  Pillar.005
		registered as also a user of material:  Marble Engraved Foliage.042
		num positions      :  3712
		num normals        :  3712
		num uvs            :  7424
		num uvs2           :  7424
		num colors         :  0
		num indices        :  5340
	processing begun of mesh:  Pillar.004
		registered as also a user of material:  Marble Engraved Foliage.042
		num positions      :  3712
		num normals        :  3712
		num uvs            :  7424
		num uvs2           :  7424
		num colors         :  0
		num indices        :  5340
	processing begun of mesh:  Pillar.003
		registered as also a user of material:  Marble Engraved Foliage.042
		num positions      :  3712
		num normals        :  3712
		num uvs            :  7424
		num uvs2           :  7424
		num colors         :  0
		num indices        :  5340
	processing begun of mesh:  Pillar.002
		registered as also a user of material:  Marble Engraved Foliage.042
		num positions      :  3712
		num normals        :  3712
		num uvs            :  7424
		num uvs2           :  7424
		num colors         :  0
		num indices        :  5340
	processing begun of mesh:  Pillar.001
		registered as also a user of material:  Marble Engraved Foliage.042
		num positions      :  3712
		num normals        :  3712
		num uvs            :  7424
		num uvs2           :  7424
		num colors         :  0
		num indices        :  5340
	processing begun of mesh:  Floor
		registered as also a user of material:  Marble Engraved Foliage.042
		num positions      :  2592
		num normals        :  2592
		num uvs            :  5184
		num uvs2           :  5184
		num colors         :  0
		num indices        :  3402
	WARNING: The following camera not visible in scene thus ignored: Camera
	processing begun of mesh:  Cube
		registered as also a user of material:  Marble Engraved Foliage.042
		num positions      :  103
		num normals        :  103
		num uvs            :  206
		num uvs2           :  206
		num colors         :  0
		num indices        :  132
	processing begun of mesh:  Pillar.000
		registered as also a user of material:  Marble Engraved Foliage.042
		num positions      :  3712
		num normals        :  3712
		num uvs            :  7424
		num uvs2           :  7424
		num colors         :  0
		num indices        :  5340
	processing begun of light (SUN):  Lamp
========= Writing of scene file started =========
========= Writing of scene file completed =========
========= end of processing =========
elapsed time:  0 min, 1.2596 secs
